  Trabalho Algoritmos 2 - Batalhas.cpp
c:\users\hugo tomazi\documents\visual studio 2017\projects\trabalho algoritmos 2 - batalhas\batalhas\trabalho algoritmos 2 - batalhas\trabalho algoritmos 2 - batalhas\monstros.h(56): warning C4996: 'itoa': The POSIX name for this item is deprecated. Instead, use the ISO C and C++ conformant name: _itoa. See online help for details.
  c:\program files (x86)\windows kits\10\include\10.0.15063.0\ucrt\stdlib.h(1334): note: consulte a declaração de 'itoa'
c:\users\hugo tomazi\documents\visual studio 2017\projects\trabalho algoritmos 2 - batalhas\batalhas\trabalho algoritmos 2 - batalhas\trabalho algoritmos 2 - batalhas\botao.h(40): warning C4267: 'inicializando': conversão de 'size_t' para 'int', possível perda de dados
c:\users\hugo tomazi\documents\visual studio 2017\projects\trabalho algoritmos 2 - batalhas\batalhas\trabalho algoritmos 2 - batalhas\trabalho algoritmos 2 - batalhas\botao.h(122): warning C4267: 'inicializando': conversão de 'size_t' para 'int', possível perda de dados
c:\users\hugo tomazi\documents\visual studio 2017\projects\trabalho algoritmos 2 - batalhas\batalhas\trabalho algoritmos 2 - batalhas\trabalho algoritmos 2 - batalhas\console.h(66): warning C4996: '_beep': This function or variable has been superceded by newer library or operating system functionality. Consider using Beep instead. See online help for details.
  c:\program files (x86)\windows kits\10\include\10.0.15063.0\ucrt\stdlib.h(1276): note: consulte a declaração de '_beep'
c:\users\hugo tomazi\documents\visual studio 2017\projects\trabalho algoritmos 2 - batalhas\batalhas\trabalho algoritmos 2 - batalhas\trabalho algoritmos 2 - batalhas\console.h(68): warning C4996: '_beep': This function or variable has been superceded by newer library or operating system functionality. Consider using Beep instead. See online help for details.
  c:\program files (x86)\windows kits\10\include\10.0.15063.0\ucrt\stdlib.h(1276): note: consulte a declaração de '_beep'
c:\users\hugo tomazi\documents\visual studio 2017\projects\trabalho algoritmos 2 - batalhas\batalhas\trabalho algoritmos 2 - batalhas\trabalho algoritmos 2 - batalhas\console.h(70): warning C4996: '_beep': This function or variable has been superceded by newer library or operating system functionality. Consider using Beep instead. See online help for details.
  c:\program files (x86)\windows kits\10\include\10.0.15063.0\ucrt\stdlib.h(1276): note: consulte a declaração de '_beep'
c:\users\hugo tomazi\documents\visual studio 2017\projects\trabalho algoritmos 2 - batalhas\batalhas\trabalho algoritmos 2 - batalhas\trabalho algoritmos 2 - batalhas\console.h(72): warning C4996: '_sleep': This function or variable has been superceded by newer library or operating system functionality. Consider using Sleep instead. See online help for details.
  c:\program files (x86)\windows kits\10\include\10.0.15063.0\ucrt\stdlib.h(1282): note: consulte a declaração de '_sleep'
c:\users\hugo tomazi\documents\visual studio 2017\projects\trabalho algoritmos 2 - batalhas\batalhas\trabalho algoritmos 2 - batalhas\trabalho algoritmos 2 - batalhas\iainimigostabuleiro.h(139): warning C4101: 'y': variável local não referenciada
c:\users\hugo tomazi\documents\visual studio 2017\projects\trabalho algoritmos 2 - batalhas\batalhas\trabalho algoritmos 2 - batalhas\trabalho algoritmos 2 - batalhas\iainimigostabuleiro.h(139): warning C4101: 'x': variável local não referenciada
c:\users\hugo tomazi\documents\visual studio 2017\projects\trabalho algoritmos 2 - batalhas\batalhas\trabalho algoritmos 2 - batalhas\trabalho algoritmos 2 - batalhas\jogo.h(44): warning C4996: 'getch': The POSIX name for this item is deprecated. Instead, use the ISO C and C++ conformant name: _getch. See online help for details.
  c:\program files (x86)\windows kits\10\include\10.0.15063.0\ucrt\conio.h(452): note: consulte a declaração de 'getch'
c:\users\hugo tomazi\documents\visual studio 2017\projects\trabalho algoritmos 2 - batalhas\batalhas\trabalho algoritmos 2 - batalhas\trabalho algoritmos 2 - batalhas\jogo.h(47): warning C4996: 'getch': The POSIX name for this item is deprecated. Instead, use the ISO C and C++ conformant name: _getch. See online help for details.
  c:\program files (x86)\windows kits\10\include\10.0.15063.0\ucrt\conio.h(452): note: consulte a declaração de 'getch'
c:\users\hugo tomazi\documents\visual studio 2017\projects\trabalho algoritmos 2 - batalhas\batalhas\trabalho algoritmos 2 - batalhas\trabalho algoritmos 2 - batalhas\jogo.h(122): warning C4996: '_sleep': This function or variable has been superceded by newer library or operating system functionality. Consider using Sleep instead. See online help for details.
  c:\program files (x86)\windows kits\10\include\10.0.15063.0\ucrt\stdlib.h(1282): note: consulte a declaração de '_sleep'
c:\users\hugo tomazi\documents\visual studio 2017\projects\trabalho algoritmos 2 - batalhas\batalhas\trabalho algoritmos 2 - batalhas\trabalho algoritmos 2 - batalhas\jogo.h(147): warning C4996: 'getch': The POSIX name for this item is deprecated. Instead, use the ISO C and C++ conformant name: _getch. See online help for details.
  c:\program files (x86)\windows kits\10\include\10.0.15063.0\ucrt\conio.h(452): note: consulte a declaração de 'getch'
c:\users\hugo tomazi\documents\visual studio 2017\projects\trabalho algoritmos 2 - batalhas\batalhas\trabalho algoritmos 2 - batalhas\trabalho algoritmos 2 - batalhas\jogo.h(176): warning C4996: '_sleep': This function or variable has been superceded by newer library or operating system functionality. Consider using Sleep instead. See online help for details.
  c:\program files (x86)\windows kits\10\include\10.0.15063.0\ucrt\stdlib.h(1282): note: consulte a declaração de '_sleep'
c:\users\hugo tomazi\documents\visual studio 2017\projects\trabalho algoritmos 2 - batalhas\batalhas\trabalho algoritmos 2 - batalhas\trabalho algoritmos 2 - batalhas\trabalho algoritmos 2 - batalhas.cpp(22): warning C4244: 'argumento': conversão de 'time_t' para 'unsigned int', possível perda de dados
c:\users\hugo tomazi\documents\visual studio 2017\projects\trabalho algoritmos 2 - batalhas\batalhas\trabalho algoritmos 2 - batalhas\trabalho algoritmos 2 - batalhas\trabalho algoritmos 2 - batalhas.cpp(42): warning C4996: 'getch': The POSIX name for this item is deprecated. Instead, use the ISO C and C++ conformant name: _getch. See online help for details.
  c:\program files (x86)\windows kits\10\include\10.0.15063.0\ucrt\conio.h(452): note: consulte a declaração de 'getch'
c:\users\hugo tomazi\documents\visual studio 2017\projects\trabalho algoritmos 2 - batalhas\batalhas\trabalho algoritmos 2 - batalhas\trabalho algoritmos 2 - batalhas\trabalho algoritmos 2 - batalhas.cpp(45): warning C4996: 'getch': The POSIX name for this item is deprecated. Instead, use the ISO C and C++ conformant name: _getch. See online help for details.
  c:\program files (x86)\windows kits\10\include\10.0.15063.0\ucrt\conio.h(452): note: consulte a declaração de 'getch'
c:\users\hugo tomazi\documents\visual studio 2017\projects\trabalho algoritmos 2 - batalhas\batalhas\trabalho algoritmos 2 - batalhas\trabalho algoritmos 2 - batalhas\trabalho algoritmos 2 - batalhas.cpp(62): warning C4996: '_sleep': This function or variable has been superceded by newer library or operating system functionality. Consider using Sleep instead. See online help for details.
  c:\program files (x86)\windows kits\10\include\10.0.15063.0\ucrt\stdlib.h(1282): note: consulte a declaração de '_sleep'
c:\users\hugo tomazi\documents\visual studio 2017\projects\trabalho algoritmos 2 - batalhas\batalhas\trabalho algoritmos 2 - batalhas\trabalho algoritmos 2 - batalhas\monstros.h(75): warning C4715: 'monstro_setaMonstroPorId': nem todos os caminhos de controle retornam um valor
c:\users\hugo tomazi\documents\visual studio 2017\projects\trabalho algoritmos 2 - batalhas\batalhas\trabalho algoritmos 2 - batalhas\trabalho algoritmos 2 - batalhas\botao.h(36): warning C4715: 'botao_retornarSelecionado': nem todos os caminhos de controle retornam um valor
c:\users\hugo tomazi\documents\visual studio 2017\projects\trabalho algoritmos 2 - batalhas\batalhas\trabalho algoritmos 2 - batalhas\trabalho algoritmos 2 - batalhas\iainimigostabuleiro.h(262): warning C4715: 'movimentaInimigoRecursivamente': nem todos os caminhos de controle retornam um valor
  Trabalho Algoritmos 2 - Batalhas.vcxproj -> C:\Users\Hugo Tomazi\Documents\Visual Studio 2017\Projects\Trabalho Algoritmos 2 - Batalhas\Batalhas\Trabalho Algoritmos 2 - Batalhas\x64\Debug\Trabalho Algoritmos 2 - Batalhas.exe
  Trabalho Algoritmos 2 - Batalhas.vcxproj -> C:\Users\Hugo Tomazi\Documents\Visual Studio 2017\Projects\Trabalho Algoritmos 2 - Batalhas\Batalhas\Trabalho Algoritmos 2 - Batalhas\x64\Debug\Trabalho Algoritmos 2 - Batalhas.pdb (Partial PDB)
